{"C:\\Users\\airton.junior\\Documents\\GitHub\\TechChallenge-Pedido\\src\\adapter\\driven\\infra\\PedidoRepository.ts": {"path":"C:\\Users\\airton.junior\\Documents\\GitHub\\TechChallenge-Pedido\\src\\adapter\\driven\\infra\\PedidoRepository.ts","statementMap":{"0":{"start":{"line":6,"column":4},"end":{"line":13,"column":5}},"1":{"start":{"line":7,"column":18},"end":{"line":9,"column":49}},"2":{"start":{"line":10,"column":6},"end":{"line":10,"column":28}},"3":{"start":{"line":12,"column":6},"end":{"line":12,"column":34}},"4":{"start":{"line":16,"column":4},"end":{"line":45,"column":5}},"5":{"start":{"line":17,"column":18},"end":{"line":18,"column":108}},"6":{"start":{"line":19,"column":26},"end":{"line":19,"column":47}},"7":{"start":{"line":23,"column":6},"end":{"line":42,"column":7}},"8":{"start":{"line":24,"column":27},"end":{"line":24,"column":43}},"9":{"start":{"line":25,"column":8},"end":{"line":31,"column":9}},"10":{"start":{"line":26,"column":10},"end":{"line":30,"column":11}},"11":{"start":{"line":27,"column":26},"end":{"line":28,"column":102}},"12":{"start":{"line":29,"column":12},"end":{"line":29,"column":36}},"13":{"start":{"line":33,"column":8},"end":{"line":33,"column":36}},"14":{"start":{"line":34,"column":8},"end":{"line":34,"column":42}},"15":{"start":{"line":36,"column":22},"end":{"line":40,"column":9}},"16":{"start":{"line":41,"column":8},"end":{"line":41,"column":23}},"17":{"start":{"line":44,"column":6},"end":{"line":44,"column":37}}},"fnMap":{"0":{"name":"(anonymous_0)","decl":{"start":{"line":5,"column":2},"end":{"line":5,"column":3}},"loc":{"start":{"line":5,"column":54},"end":{"line":14,"column":3}},"line":5},"1":{"name":"(anonymous_1)","decl":{"start":{"line":15,"column":2},"end":{"line":15,"column":3}},"loc":{"start":{"line":15,"column":45},"end":{"line":46,"column":3}},"line":15}},"branchMap":{"0":{"loc":{"start":{"line":8,"column":8},"end":{"line":8,"column":33}},"type":"cond-expr","locations":[{"start":{"line":8,"column":20},"end":{"line":8,"column":29}},{"start":{"line":8,"column":32},"end":{"line":8,"column":33}}],"line":8},"1":{"loc":{"start":{"line":23,"column":6},"end":{"line":42,"column":7}},"type":"if","locations":[{"start":{"line":23,"column":6},"end":{"line":42,"column":7}},{"start":{},"end":{}}],"line":23},"2":{"loc":{"start":{"line":26,"column":10},"end":{"line":30,"column":11}},"type":"if","locations":[{"start":{"line":26,"column":10},"end":{"line":30,"column":11}},{"start":{},"end":{}}],"line":26}},"s":{"0":3,"1":3,"2":3,"3":1,"4":2,"5":2,"6":2,"7":1,"8":1,"9":1,"10":1,"11":1,"12":1,"13":1,"14":1,"15":1,"16":1,"17":1},"f":{"0":3,"1":2},"b":{"0":[3,0],"1":[1,0],"2":[1,0]},"_coverageSchema":"1a1c01bbd47fc00a2c39e90264f33305004495a9","hash":"2066429e77f33279522c0ae2582282f1ec65d208"}
,"C:\\Users\\airton.junior\\Documents\\GitHub\\TechChallenge-Pedido\\src\\adapter\\driven\\infra\\ProdutoRepository.ts": {"path":"C:\\Users\\airton.junior\\Documents\\GitHub\\TechChallenge-Pedido\\src\\adapter\\driven\\infra\\ProdutoRepository.ts","statementMap":{"0":{"start":{"line":7,"column":16},"end":{"line":7,"column":39}},"1":{"start":{"line":8,"column":21},"end":{"line":8,"column":42}},"2":{"start":{"line":9,"column":4},"end":{"line":9,"column":26}},"3":{"start":{"line":10,"column":4},"end":{"line":10,"column":20}},"4":{"start":{"line":14,"column":18},"end":{"line":14,"column":74}},"5":{"start":{"line":15,"column":22},"end":{"line":15,"column":43}},"6":{"start":{"line":16,"column":30},"end":{"line":16,"column":39}},"7":{"start":{"line":18,"column":4},"end":{"line":18,"column":20}},"8":{"start":{"line":22,"column":18},"end":{"line":22,"column":65}},"9":{"start":{"line":23,"column":21},"end":{"line":23,"column":42}},"10":{"start":{"line":25,"column":4},"end":{"line":27,"column":5}},"11":{"start":{"line":26,"column":6},"end":{"line":26,"column":23}},"12":{"start":{"line":29,"column":27},"end":{"line":29,"column":38}},"13":{"start":{"line":31,"column":4},"end":{"line":31,"column":19}},"14":{"start":{"line":35,"column":4},"end":{"line":50,"column":5}},"15":{"start":{"line":36,"column":20},"end":{"line":38,"column":135}},"16":{"start":{"line":39,"column":27},"end":{"line":39,"column":48}},"17":{"start":{"line":41,"column":6},"end":{"line":46,"column":7}},"18":{"start":{"line":42,"column":37},"end":{"line":42,"column":54}},"19":{"start":{"line":43,"column":8},"end":{"line":43,"column":29}},"20":{"start":{"line":45,"column":8},"end":{"line":45,"column":25}},"21":{"start":{"line":48,"column":6},"end":{"line":48,"column":42}},"22":{"start":{"line":49,"column":6},"end":{"line":49,"column":37}},"23":{"start":{"line":54,"column":18},"end":{"line":56,"column":42}},"24":{"start":{"line":57,"column":34},"end":{"line":57,"column":55}},"25":{"start":{"line":58,"column":33},"end":{"line":58,"column":59}},"26":{"start":{"line":60,"column":4},"end":{"line":60,"column":25}},"27":{"start":{"line":64,"column":18},"end":{"line":65,"column":32}},"28":{"start":{"line":66,"column":21},"end":{"line":66,"column":42}},"29":{"start":{"line":67,"column":4},"end":{"line":69,"column":5}},"30":{"start":{"line":68,"column":6},"end":{"line":68,"column":23}},"31":{"start":{"line":70,"column":27},"end":{"line":70,"column":38}},"32":{"start":{"line":71,"column":4},"end":{"line":71,"column":19}}},"fnMap":{"0":{"name":"(anonymous_0)","decl":{"start":{"line":6,"column":2},"end":{"line":6,"column":3}},"loc":{"start":{"line":6,"column":42},"end":{"line":11,"column":3}},"line":6},"1":{"name":"(anonymous_1)","decl":{"start":{"line":13,"column":2},"end":{"line":13,"column":3}},"loc":{"start":{"line":13,"column":66},"end":{"line":19,"column":3}},"line":13},"2":{"name":"(anonymous_2)","decl":{"start":{"line":21,"column":2},"end":{"line":21,"column":3}},"loc":{"start":{"line":21,"column":62},"end":{"line":32,"column":3}},"line":21},"3":{"name":"(anonymous_3)","decl":{"start":{"line":34,"column":2},"end":{"line":34,"column":3}},"loc":{"start":{"line":34,"column":63},"end":{"line":51,"column":3}},"line":34},"4":{"name":"(anonymous_4)","decl":{"start":{"line":53,"column":2},"end":{"line":53,"column":3}},"loc":{"start":{"line":53,"column":52},"end":{"line":61,"column":3}},"line":53},"5":{"name":"(anonymous_5)","decl":{"start":{"line":63,"column":2},"end":{"line":63,"column":3}},"loc":{"start":{"line":63,"column":57},"end":{"line":72,"column":3}},"line":63}},"branchMap":{"0":{"loc":{"start":{"line":25,"column":4},"end":{"line":27,"column":5}},"type":"if","locations":[{"start":{"line":25,"column":4},"end":{"line":27,"column":5}},{"start":{},"end":{}}],"line":25},"1":{"loc":{"start":{"line":41,"column":6},"end":{"line":46,"column":7}},"type":"if","locations":[{"start":{"line":41,"column":6},"end":{"line":46,"column":7}},{"start":{"line":44,"column":13},"end":{"line":46,"column":7}}],"line":41},"2":{"loc":{"start":{"line":67,"column":4},"end":{"line":69,"column":5}},"type":"if","locations":[{"start":{"line":67,"column":4},"end":{"line":69,"column":5}},{"start":{},"end":{}}],"line":67}},"s":{"0":2,"1":2,"2":1,"3":1,"4":2,"5":2,"6":1,"7":1,"8":3,"9":3,"10":2,"11":1,"12":1,"13":1,"14":3,"15":3,"16":3,"17":2,"18":1,"19":1,"20":1,"21":1,"22":1,"23":2,"24":2,"25":1,"26":1,"27":3,"28":3,"29":2,"30":1,"31":1,"32":1},"f":{"0":2,"1":2,"2":3,"3":3,"4":2,"5":3},"b":{"0":[1,1],"1":[1,1],"2":[1,1]},"_coverageSchema":"1a1c01bbd47fc00a2c39e90264f33305004495a9","hash":"85f3731fe5bea5b7773ccff9ffc4729972852e37"}
,"C:\\Users\\airton.junior\\Documents\\GitHub\\TechChallenge-Pedido\\src\\adapter\\driven\\infra\\UsuarioRepository.ts": {"path":"C:\\Users\\airton.junior\\Documents\\GitHub\\TechChallenge-Pedido\\src\\adapter\\driven\\infra\\UsuarioRepository.ts","statementMap":{"0":{"start":{"line":6,"column":10},"end":{"line":6,"column":33}},"1":{"start":{"line":10,"column":4},"end":{"line":34,"column":5}},"2":{"start":{"line":11,"column":20},"end":{"line":11,"column":60}},"3":{"start":{"line":14,"column":21},"end":{"line":14,"column":42}},"4":{"start":{"line":18,"column":6},"end":{"line":31,"column":7}},"5":{"start":{"line":19,"column":24},"end":{"line":19,"column":33}},"6":{"start":{"line":20,"column":8},"end":{"line":28,"column":10}},"7":{"start":{"line":30,"column":8},"end":{"line":30,"column":25}},"8":{"start":{"line":33,"column":6},"end":{"line":33,"column":18}},"9":{"start":{"line":38,"column":16},"end":{"line":38,"column":71}},"10":{"start":{"line":39,"column":24},"end":{"line":39,"column":45}},"11":{"start":{"line":45,"column":4},"end":{"line":57,"column":5}},"12":{"start":{"line":46,"column":25},"end":{"line":46,"column":41}},"13":{"start":{"line":47,"column":18},"end":{"line":49,"column":8}},"14":{"start":{"line":54,"column":6},"end":{"line":54,"column":19}},"15":{"start":{"line":56,"column":6},"end":{"line":56,"column":23}},"16":{"start":{"line":61,"column":16},"end":{"line":61,"column":71}},"17":{"start":{"line":62,"column":24},"end":{"line":62,"column":45}},"18":{"start":{"line":68,"column":4},"end":{"line":72,"column":5}},"19":{"start":{"line":69,"column":6},"end":{"line":69,"column":18}},"20":{"start":{"line":71,"column":6},"end":{"line":71,"column":19}},"21":{"start":{"line":76,"column":4},"end":{"line":113,"column":5}},"22":{"start":{"line":77,"column":18},"end":{"line":77,"column":81}},"23":{"start":{"line":78,"column":26},"end":{"line":78,"column":47}},"24":{"start":{"line":81,"column":6},"end":{"line":110,"column":7}},"25":{"start":{"line":82,"column":27},"end":{"line":82,"column":43}},"26":{"start":{"line":83,"column":8},"end":{"line":109,"column":9}},"27":{"start":{"line":84,"column":28},"end":{"line":84,"column":47}},"28":{"start":{"line":85,"column":10},"end":{"line":106,"column":11}},"29":{"start":{"line":86,"column":24},"end":{"line":97,"column":13}},"30":{"start":{"line":103,"column":28},"end":{"line":103,"column":105}},"31":{"start":{"line":104,"column":12},"end":{"line":104,"column":38}},"32":{"start":{"line":105,"column":12},"end":{"line":105,"column":25}},"33":{"start":{"line":108,"column":10},"end":{"line":108,"column":27}},"34":{"start":{"line":112,"column":6},"end":{"line":112,"column":16}},"35":{"start":{"line":117,"column":4},"end":{"line":141,"column":5}},"36":{"start":{"line":118,"column":18},"end":{"line":118,"column":77}},"37":{"start":{"line":119,"column":26},"end":{"line":119,"column":47}},"38":{"start":{"line":120,"column":6},"end":{"line":138,"column":7}},"39":{"start":{"line":121,"column":27},"end":{"line":121,"column":43}},"40":{"start":{"line":122,"column":20},"end":{"line":134,"column":9}},"41":{"start":{"line":135,"column":24},"end":{"line":135,"column":101}},"42":{"start":{"line":136,"column":8},"end":{"line":136,"column":34}},"43":{"start":{"line":137,"column":8},"end":{"line":137,"column":21}},"44":{"start":{"line":140,"column":6},"end":{"line":140,"column":18}},"45":{"start":{"line":145,"column":21},"end":{"line":145,"column":36}},"46":{"start":{"line":146,"column":18},"end":{"line":154,"column":21}},"47":{"start":{"line":155,"column":21},"end":{"line":155,"column":42}},"48":{"start":{"line":156,"column":4},"end":{"line":161,"column":5}},"49":{"start":{"line":157,"column":26},"end":{"line":157,"column":37}},"50":{"start":{"line":158,"column":6},"end":{"line":158,"column":18}},"51":{"start":{"line":160,"column":6},"end":{"line":160,"column":48}}},"fnMap":{"0":{"name":"(anonymous_0)","decl":{"start":{"line":9,"column":2},"end":{"line":9,"column":3}},"loc":{"start":{"line":9,"column":68},"end":{"line":35,"column":3}},"line":9},"1":{"name":"(anonymous_1)","decl":{"start":{"line":37,"column":2},"end":{"line":37,"column":3}},"loc":{"start":{"line":37,"column":65},"end":{"line":58,"column":3}},"line":37},"2":{"name":"(anonymous_2)","decl":{"start":{"line":60,"column":2},"end":{"line":60,"column":3}},"loc":{"start":{"line":60,"column":66},"end":{"line":73,"column":3}},"line":60},"3":{"name":"(anonymous_3)","decl":{"start":{"line":75,"column":2},"end":{"line":75,"column":3}},"loc":{"start":{"line":75,"column":78},"end":{"line":114,"column":3}},"line":75},"4":{"name":"(anonymous_4)","decl":{"start":{"line":116,"column":2},"end":{"line":116,"column":3}},"loc":{"start":{"line":116,"column":72},"end":{"line":142,"column":3}},"line":116},"5":{"name":"(anonymous_5)","decl":{"start":{"line":144,"column":2},"end":{"line":144,"column":3}},"loc":{"start":{"line":144,"column":51},"end":{"line":162,"column":3}},"line":144}},"branchMap":{"0":{"loc":{"start":{"line":18,"column":6},"end":{"line":31,"column":7}},"type":"if","locations":[{"start":{"line":18,"column":6},"end":{"line":31,"column":7}},{"start":{"line":29,"column":13},"end":{"line":31,"column":7}}],"line":18},"1":{"loc":{"start":{"line":45,"column":4},"end":{"line":57,"column":5}},"type":"if","locations":[{"start":{"line":45,"column":4},"end":{"line":57,"column":5}},{"start":{"line":55,"column":11},"end":{"line":57,"column":5}}],"line":45},"2":{"loc":{"start":{"line":68,"column":4},"end":{"line":72,"column":5}},"type":"if","locations":[{"start":{"line":68,"column":4},"end":{"line":72,"column":5}},{"start":{"line":70,"column":11},"end":{"line":72,"column":5}}],"line":68},"3":{"loc":{"start":{"line":81,"column":6},"end":{"line":110,"column":7}},"type":"if","locations":[{"start":{"line":81,"column":6},"end":{"line":110,"column":7}},{"start":{},"end":{}}],"line":81},"4":{"loc":{"start":{"line":83,"column":8},"end":{"line":109,"column":9}},"type":"if","locations":[{"start":{"line":83,"column":8},"end":{"line":109,"column":9}},{"start":{"line":107,"column":15},"end":{"line":109,"column":9}}],"line":83},"5":{"loc":{"start":{"line":83,"column":12},"end":{"line":83,"column":73}},"type":"binary-expr","locations":[{"start":{"line":83,"column":12},"end":{"line":83,"column":38}},{"start":{"line":83,"column":42},"end":{"line":83,"column":73}}],"line":83},"6":{"loc":{"start":{"line":85,"column":10},"end":{"line":106,"column":11}},"type":"if","locations":[{"start":{"line":85,"column":10},"end":{"line":106,"column":11}},{"start":{},"end":{}}],"line":85},"7":{"loc":{"start":{"line":120,"column":6},"end":{"line":138,"column":7}},"type":"if","locations":[{"start":{"line":120,"column":6},"end":{"line":138,"column":7}},{"start":{},"end":{}}],"line":120},"8":{"loc":{"start":{"line":151,"column":6},"end":{"line":153,"column":51}},"type":"cond-expr","locations":[{"start":{"line":152,"column":10},"end":{"line":152,"column":14}},{"start":{"line":153,"column":10},"end":{"line":153,"column":51}}],"line":151},"9":{"loc":{"start":{"line":156,"column":4},"end":{"line":161,"column":5}},"type":"if","locations":[{"start":{"line":156,"column":4},"end":{"line":161,"column":5}},{"start":{"line":159,"column":11},"end":{"line":161,"column":5}}],"line":156}},"s":{"0":1,"1":3,"2":3,"3":3,"4":2,"5":1,"6":1,"7":1,"8":1,"9":3,"10":3,"11":2,"12":1,"13":1,"14":1,"15":1,"16":2,"17":2,"18":2,"19":1,"20":1,"21":2,"22":2,"23":2,"24":2,"25":1,"26":1,"27":1,"28":1,"29":1,"30":1,"31":1,"32":1,"33":0,"34":0,"35":3,"36":3,"37":3,"38":2,"39":1,"40":1,"41":1,"42":1,"43":1,"44":1,"45":3,"46":3,"47":3,"48":3,"49":2,"50":2,"51":1},"f":{"0":3,"1":3,"2":2,"3":2,"4":3,"5":3},"b":{"0":[1,1],"1":[1,1],"2":[1,1],"3":[1,1],"4":[1,0],"5":[1,1],"6":[1,0],"7":[1,1],"8":[2,1],"9":[2,1]},"_coverageSchema":"1a1c01bbd47fc00a2c39e90264f33305004495a9","hash":"6b0ded729fc5c1991c27df1424522a6c2aa8d381"}
,"C:\\Users\\airton.junior\\Documents\\GitHub\\TechChallenge-Pedido\\src\\adapter\\middleware\\autenticacao.middleware.ts": {"path":"C:\\Users\\airton.junior\\Documents\\GitHub\\TechChallenge-Pedido\\src\\adapter\\middleware\\autenticacao.middleware.ts","statementMap":{"0":{"start":{"line":5,"column":2},"end":{"line":21,"column":4}},"1":{"start":{"line":6,"column":18},"end":{"line":6,"column":43}},"2":{"start":{"line":8,"column":4},"end":{"line":12,"column":5}},"3":{"start":{"line":9,"column":6},"end":{"line":11,"column":65}},"4":{"start":{"line":14,"column":28},"end":{"line":14,"column":68}},"5":{"start":{"line":16,"column":4},"end":{"line":20,"column":5}},"6":{"start":{"line":17,"column":6},"end":{"line":17,"column":64}},"7":{"start":{"line":19,"column":6},"end":{"line":19,"column":13}}},"fnMap":{"0":{"name":"autenticacaoMiddleware","decl":{"start":{"line":4,"column":16},"end":{"line":4,"column":38}},"loc":{"start":{"line":4,"column":71},"end":{"line":22,"column":1}},"line":4},"1":{"name":"(anonymous_1)","decl":{"start":{"line":5,"column":9},"end":{"line":5,"column":10}},"loc":{"start":{"line":5,"column":74},"end":{"line":21,"column":3}},"line":5}},"branchMap":{"0":{"loc":{"start":{"line":8,"column":4},"end":{"line":12,"column":5}},"type":"if","locations":[{"start":{"line":8,"column":4},"end":{"line":12,"column":5}},{"start":{},"end":{}}],"line":8},"1":{"loc":{"start":{"line":16,"column":4},"end":{"line":20,"column":5}},"type":"if","locations":[{"start":{"line":16,"column":4},"end":{"line":20,"column":5}},{"start":{"line":18,"column":11},"end":{"line":20,"column":5}}],"line":16}},"s":{"0":3,"1":3,"2":3,"3":1,"4":2,"5":2,"6":1,"7":1},"f":{"0":3,"1":3},"b":{"0":[1,2],"1":[1,1]},"_coverageSchema":"1a1c01bbd47fc00a2c39e90264f33305004495a9","hash":"23ebb1e15b5c8b2bcc634fd7af097cd7804d05b4"}
,"C:\\Users\\airton.junior\\Documents\\GitHub\\TechChallenge-Pedido\\src\\config\\database.ts": {"path":"C:\\Users\\airton.junior\\Documents\\GitHub\\TechChallenge-Pedido\\src\\config\\database.ts","statementMap":{"0":{"start":{"line":4,"column":15},"end":{"line":10,"column":2}},"1":{"start":{"line":12,"column":24},"end":{"line":18,"column":1}},"2":{"start":{"line":13,"column":2},"end":{"line":13,"column":25}},"3":{"start":{"line":14,"column":14},"end":{"line":14,"column":39}},"4":{"start":{"line":15,"column":15},"end":{"line":15,"column":18}},"5":{"start":{"line":17,"column":2},"end":{"line":17,"column":21}}},"fnMap":{"0":{"name":"(anonymous_0)","decl":{"start":{"line":12,"column":24},"end":{"line":12,"column":25}},"loc":{"start":{"line":12,"column":49},"end":{"line":18,"column":1}},"line":12}},"branchMap":{},"s":{"0":5,"1":5,"2":2,"3":2,"4":1,"5":1},"f":{"0":2},"b":{},"_coverageSchema":"1a1c01bbd47fc00a2c39e90264f33305004495a9","hash":"ab368c49260c613e573404cc475727b92d65cf3e"}
,"C:\\Users\\airton.junior\\Documents\\GitHub\\TechChallenge-Pedido\\src\\core\\domain\\models\\Pedido.ts": {"path":"C:\\Users\\airton.junior\\Documents\\GitHub\\TechChallenge-Pedido\\src\\core\\domain\\models\\Pedido.ts","statementMap":{"0":{"start":{"line":18,"column":4},"end":{"line":18,"column":27}},"1":{"start":{"line":19,"column":4},"end":{"line":19,"column":27}},"2":{"start":{"line":20,"column":4},"end":{"line":20,"column":29}},"3":{"start":{"line":21,"column":4},"end":{"line":21,"column":35}},"4":{"start":{"line":22,"column":4},"end":{"line":22,"column":23}},"5":{"start":{"line":23,"column":4},"end":{"line":23,"column":17}}},"fnMap":{"0":{"name":"(anonymous_0)","decl":{"start":{"line":11,"column":2},"end":{"line":11,"column":3}},"loc":{"start":{"line":17,"column":4},"end":{"line":24,"column":3}},"line":17}},"branchMap":{},"s":{"0":7,"1":7,"2":7,"3":7,"4":7,"5":7},"f":{"0":7},"b":{},"_coverageSchema":"1a1c01bbd47fc00a2c39e90264f33305004495a9","hash":"668226258ebd620237598012e2d341658f2e2e58"}
,"C:\\Users\\airton.junior\\Documents\\GitHub\\TechChallenge-Pedido\\src\\core\\domain\\models\\Produto.ts": {"path":"C:\\Users\\airton.junior\\Documents\\GitHub\\TechChallenge-Pedido\\src\\core\\domain\\models\\Produto.ts","statementMap":{"0":{"start":{"line":21,"column":4},"end":{"line":21,"column":21}},"1":{"start":{"line":22,"column":4},"end":{"line":22,"column":31}},"2":{"start":{"line":23,"column":4},"end":{"line":23,"column":23}},"3":{"start":{"line":24,"column":4},"end":{"line":24,"column":31}},"4":{"start":{"line":25,"column":4},"end":{"line":25,"column":25}},"5":{"start":{"line":26,"column":4},"end":{"line":26,"column":17}},"6":{"start":{"line":27,"column":4},"end":{"line":27,"column":33}},"7":{"start":{"line":28,"column":4},"end":{"line":28,"column":37}}},"fnMap":{"0":{"name":"(anonymous_0)","decl":{"start":{"line":11,"column":2},"end":{"line":11,"column":3}},"loc":{"start":{"line":20,"column":4},"end":{"line":29,"column":3}},"line":20}},"branchMap":{},"s":{"0":11,"1":11,"2":11,"3":11,"4":11,"5":11,"6":11,"7":11},"f":{"0":11},"b":{},"_coverageSchema":"1a1c01bbd47fc00a2c39e90264f33305004495a9","hash":"3b40d9191a483ced47c2f89070694a1ca0d92216"}
,"C:\\Users\\airton.junior\\Documents\\GitHub\\TechChallenge-Pedido\\src\\core\\domain\\models\\Usuario.ts": {"path":"C:\\Users\\airton.junior\\Documents\\GitHub\\TechChallenge-Pedido\\src\\core\\domain\\models\\Usuario.ts","statementMap":{"0":{"start":{"line":19,"column":4},"end":{"line":19,"column":21}},"1":{"start":{"line":20,"column":4},"end":{"line":20,"column":23}},"2":{"start":{"line":21,"column":4},"end":{"line":21,"column":19}},"3":{"start":{"line":22,"column":4},"end":{"line":22,"column":21}},"4":{"start":{"line":23,"column":4},"end":{"line":23,"column":23}},"5":{"start":{"line":24,"column":4},"end":{"line":24,"column":23}},"6":{"start":{"line":25,"column":4},"end":{"line":25,"column":17}}},"fnMap":{"0":{"name":"(anonymous_0)","decl":{"start":{"line":10,"column":2},"end":{"line":10,"column":3}},"loc":{"start":{"line":18,"column":4},"end":{"line":26,"column":3}},"line":18}},"branchMap":{},"s":{"0":25,"1":25,"2":25,"3":25,"4":25,"5":25,"6":25},"f":{"0":25},"b":{},"_coverageSchema":"1a1c01bbd47fc00a2c39e90264f33305004495a9","hash":"81c630060824ab9a608b7f2f3e855ee268b9d6fe"}
,"C:\\Users\\airton.junior\\Documents\\GitHub\\TechChallenge-Pedido\\src\\core\\domain\\useCases\\Pedido\\PedidoUseCase.ts": {"path":"C:\\Users\\airton.junior\\Documents\\GitHub\\TechChallenge-Pedido\\src\\core\\domain\\useCases\\Pedido\\PedidoUseCase.ts","statementMap":{"0":{"start":{"line":12,"column":18},"end":{"line":12,"column":56}},"1":{"start":{"line":13,"column":25},"end":{"line":13,"column":64}},"2":{"start":{"line":14,"column":4},"end":{"line":14,"column":25}},"3":{"start":{"line":15,"column":4},"end":{"line":15,"column":38}},"4":{"start":{"line":17,"column":4},"end":{"line":17,"column":48}},"5":{"start":{"line":21,"column":16},"end":{"line":21,"column":17}},"6":{"start":{"line":22,"column":4},"end":{"line":27,"column":5}},"7":{"start":{"line":23,"column":6},"end":{"line":26,"column":7}},"8":{"start":{"line":24,"column":24},"end":{"line":24,"column":73}},"9":{"start":{"line":25,"column":8},"end":{"line":25,"column":57}},"10":{"start":{"line":28,"column":4},"end":{"line":28,"column":17}},"11":{"start":{"line":32,"column":23},"end":{"line":32,"column":24}},"12":{"start":{"line":33,"column":4},"end":{"line":38,"column":5}},"13":{"start":{"line":34,"column":6},"end":{"line":37,"column":7}},"14":{"start":{"line":35,"column":24},"end":{"line":35,"column":73}},"15":{"start":{"line":36,"column":8},"end":{"line":36,"column":71}},"16":{"start":{"line":39,"column":4},"end":{"line":39,"column":24}}},"fnMap":{"0":{"name":"(anonymous_0)","decl":{"start":{"line":6,"column":2},"end":{"line":6,"column":3}},"loc":{"start":{"line":9,"column":4},"end":{"line":9,"column":6}},"line":9},"1":{"name":"(anonymous_1)","decl":{"start":{"line":11,"column":2},"end":{"line":11,"column":3}},"loc":{"start":{"line":11,"column":37},"end":{"line":18,"column":3}},"line":11},"2":{"name":"(anonymous_2)","decl":{"start":{"line":20,"column":2},"end":{"line":20,"column":3}},"loc":{"start":{"line":20,"column":69},"end":{"line":29,"column":3}},"line":20},"3":{"name":"(anonymous_3)","decl":{"start":{"line":31,"column":2},"end":{"line":31,"column":3}},"loc":{"start":{"line":31,"column":70},"end":{"line":40,"column":3}},"line":31}},"branchMap":{"0":{"loc":{"start":{"line":23,"column":6},"end":{"line":26,"column":7}},"type":"if","locations":[{"start":{"line":23,"column":6},"end":{"line":26,"column":7}},{"start":{},"end":{}}],"line":23},"1":{"loc":{"start":{"line":25,"column":18},"end":{"line":25,"column":37}},"type":"binary-expr","locations":[{"start":{"line":25,"column":18},"end":{"line":25,"column":32}},{"start":{"line":25,"column":36},"end":{"line":25,"column":37}}],"line":25},"2":{"loc":{"start":{"line":34,"column":6},"end":{"line":37,"column":7}},"type":"if","locations":[{"start":{"line":34,"column":6},"end":{"line":37,"column":7}},{"start":{},"end":{}}],"line":34},"3":{"loc":{"start":{"line":36,"column":25},"end":{"line":36,"column":51}},"type":"binary-expr","locations":[{"start":{"line":36,"column":25},"end":{"line":36,"column":46}},{"start":{"line":36,"column":50},"end":{"line":36,"column":51}}],"line":36}},"s":{"0":3,"1":3,"2":3,"3":3,"4":3,"5":3,"6":3,"7":3,"8":3,"9":3,"10":3,"11":3,"12":3,"13":3,"14":3,"15":3,"16":3},"f":{"0":3,"1":3,"2":3,"3":3},"b":{"0":[3,0],"1":[3,1],"2":[3,0],"3":[3,3]},"_coverageSchema":"1a1c01bbd47fc00a2c39e90264f33305004495a9","hash":"5595f414fd49ff034bbc8f75ded4e6a546c440ad"}
,"C:\\Users\\airton.junior\\Documents\\GitHub\\TechChallenge-Pedido\\src\\core\\domain\\useCases\\Produto\\ProdutoUseCase.ts": {"path":"C:\\Users\\airton.junior\\Documents\\GitHub\\TechChallenge-Pedido\\src\\core\\domain\\useCases\\Produto\\ProdutoUseCase.ts","statementMap":{"0":{"start":{"line":5,"column":4},"end":{"line":13,"column":5}},"1":{"start":{"line":6,"column":28},"end":{"line":6,"column":72}},"2":{"start":{"line":7,"column":6},"end":{"line":7,"column":42}},"3":{"start":{"line":9,"column":24},"end":{"line":9,"column":49}},"4":{"start":{"line":10,"column":6},"end":{"line":12,"column":7}},"5":{"start":{"line":11,"column":8},"end":{"line":11,"column":41}},"6":{"start":{"line":17,"column":4},"end":{"line":26,"column":5}},"7":{"start":{"line":18,"column":23},"end":{"line":18,"column":65}},"8":{"start":{"line":19,"column":6},"end":{"line":23,"column":7}},"9":{"start":{"line":20,"column":8},"end":{"line":20,"column":63}},"10":{"start":{"line":22,"column":8},"end":{"line":22,"column":39}},"11":{"start":{"line":25,"column":6},"end":{"line":25,"column":29}},"12":{"start":{"line":30,"column":4},"end":{"line":39,"column":5}},"13":{"start":{"line":31,"column":22},"end":{"line":31,"column":66}},"14":{"start":{"line":32,"column":6},"end":{"line":36,"column":7}},"15":{"start":{"line":33,"column":8},"end":{"line":33,"column":55}},"16":{"start":{"line":35,"column":8},"end":{"line":35,"column":38}},"17":{"start":{"line":38,"column":6},"end":{"line":38,"column":29}},"18":{"start":{"line":43,"column":4},"end":{"line":54,"column":5}},"19":{"start":{"line":44,"column":23},"end":{"line":46,"column":7}},"20":{"start":{"line":47,"column":6},"end":{"line":51,"column":7}},"21":{"start":{"line":48,"column":8},"end":{"line":48,"column":52}},"22":{"start":{"line":50,"column":8},"end":{"line":50,"column":39}},"23":{"start":{"line":53,"column":6},"end":{"line":53,"column":29}},"24":{"start":{"line":58,"column":4},"end":{"line":63,"column":5}},"25":{"start":{"line":59,"column":30},"end":{"line":59,"column":75}},"26":{"start":{"line":60,"column":6},"end":{"line":60,"column":44}},"27":{"start":{"line":62,"column":6},"end":{"line":62,"column":37}},"28":{"start":{"line":67,"column":4},"end":{"line":72,"column":5}},"29":{"start":{"line":68,"column":6},"end":{"line":68,"column":46}},"30":{"start":{"line":69,"column":6},"end":{"line":69,"column":47}},"31":{"start":{"line":71,"column":6},"end":{"line":71,"column":37}}},"fnMap":{"0":{"name":"(anonymous_0)","decl":{"start":{"line":3,"column":2},"end":{"line":3,"column":3}},"loc":{"start":{"line":3,"column":60},"end":{"line":3,"column":62}},"line":3},"1":{"name":"(anonymous_1)","decl":{"start":{"line":4,"column":2},"end":{"line":4,"column":3}},"loc":{"start":{"line":4,"column":49},"end":{"line":14,"column":3}},"line":4},"2":{"name":"(anonymous_2)","decl":{"start":{"line":16,"column":2},"end":{"line":16,"column":3}},"loc":{"start":{"line":16,"column":33},"end":{"line":27,"column":3}},"line":16},"3":{"name":"(anonymous_3)","decl":{"start":{"line":29,"column":2},"end":{"line":29,"column":3}},"loc":{"start":{"line":29,"column":49},"end":{"line":40,"column":3}},"line":29},"4":{"name":"(anonymous_4)","decl":{"start":{"line":42,"column":2},"end":{"line":42,"column":3}},"loc":{"start":{"line":42,"column":63},"end":{"line":55,"column":3}},"line":42},"5":{"name":"(anonymous_5)","decl":{"start":{"line":57,"column":2},"end":{"line":57,"column":3}},"loc":{"start":{"line":57,"column":47},"end":{"line":64,"column":3}},"line":57},"6":{"name":"(anonymous_6)","decl":{"start":{"line":66,"column":2},"end":{"line":66,"column":3}},"loc":{"start":{"line":66,"column":44},"end":{"line":73,"column":3}},"line":66}},"branchMap":{"0":{"loc":{"start":{"line":10,"column":6},"end":{"line":12,"column":7}},"type":"if","locations":[{"start":{"line":10,"column":6},"end":{"line":12,"column":7}},{"start":{},"end":{}}],"line":10},"1":{"loc":{"start":{"line":19,"column":6},"end":{"line":23,"column":7}},"type":"if","locations":[{"start":{"line":19,"column":6},"end":{"line":23,"column":7}},{"start":{"line":21,"column":13},"end":{"line":23,"column":7}}],"line":19},"2":{"loc":{"start":{"line":19,"column":10},"end":{"line":19,"column":55}},"type":"binary-expr","locations":[{"start":{"line":19,"column":10},"end":{"line":19,"column":30}},{"start":{"line":19,"column":34},"end":{"line":19,"column":55}}],"line":19},"3":{"loc":{"start":{"line":32,"column":6},"end":{"line":36,"column":7}},"type":"if","locations":[{"start":{"line":32,"column":6},"end":{"line":36,"column":7}},{"start":{"line":34,"column":13},"end":{"line":36,"column":7}}],"line":32},"4":{"loc":{"start":{"line":32,"column":10},"end":{"line":32,"column":49}},"type":"binary-expr","locations":[{"start":{"line":32,"column":10},"end":{"line":32,"column":25}},{"start":{"line":32,"column":29},"end":{"line":32,"column":49}}],"line":32},"5":{"loc":{"start":{"line":47,"column":6},"end":{"line":51,"column":7}},"type":"if","locations":[{"start":{"line":47,"column":6},"end":{"line":51,"column":7}},{"start":{"line":49,"column":13},"end":{"line":51,"column":7}}],"line":47},"6":{"loc":{"start":{"line":47,"column":10},"end":{"line":47,"column":55}},"type":"binary-expr","locations":[{"start":{"line":47,"column":10},"end":{"line":47,"column":30}},{"start":{"line":47,"column":34},"end":{"line":47,"column":55}}],"line":47}},"s":{"0":2,"1":2,"2":1,"3":1,"4":1,"5":1,"6":2,"7":2,"8":1,"9":0,"10":1,"11":1,"12":3,"13":3,"14":2,"15":1,"16":1,"17":1,"18":3,"19":3,"20":2,"21":1,"22":1,"23":2,"24":2,"25":2,"26":1,"27":1,"28":2,"29":2,"30":1,"31":1},"f":{"0":14,"1":2,"2":2,"3":3,"4":3,"5":2,"6":2},"b":{"0":[1,0],"1":[0,1],"2":[1,1],"3":[1,1],"4":[2,1],"5":[1,1],"6":[2,1]},"_coverageSchema":"1a1c01bbd47fc00a2c39e90264f33305004495a9","hash":"4704fff0c36862cbb29460e279972d3a871664ec"}
,"C:\\Users\\airton.junior\\Documents\\GitHub\\TechChallenge-Pedido\\src\\core\\domain\\useCases\\Usuario\\UsuarioUseCase.ts": {"path":"C:\\Users\\airton.junior\\Documents\\GitHub\\TechChallenge-Pedido\\src\\core\\domain\\useCases\\Usuario\\UsuarioUseCase.ts","statementMap":{"0":{"start":{"line":8,"column":4},"end":{"line":8,"column":47}},"1":{"start":{"line":12,"column":4},"end":{"line":16,"column":5}},"2":{"start":{"line":13,"column":6},"end":{"line":13,"column":51}},"3":{"start":{"line":15,"column":6},"end":{"line":15,"column":37}},"4":{"start":{"line":20,"column":4},"end":{"line":28,"column":5}},"5":{"start":{"line":21,"column":6},"end":{"line":21,"column":51}},"6":{"start":{"line":23,"column":6},"end":{"line":23,"column":37}},"7":{"start":{"line":32,"column":4},"end":{"line":44,"column":5}},"8":{"start":{"line":33,"column":28},"end":{"line":35,"column":7}},"9":{"start":{"line":36,"column":6},"end":{"line":40,"column":7}},"10":{"start":{"line":37,"column":8},"end":{"line":37,"column":55}},"11":{"start":{"line":39,"column":8},"end":{"line":39,"column":46}},"12":{"start":{"line":43,"column":6},"end":{"line":43,"column":37}},"13":{"start":{"line":47,"column":4},"end":{"line":58,"column":5}},"14":{"start":{"line":48,"column":28},"end":{"line":50,"column":7}},"15":{"start":{"line":51,"column":6},"end":{"line":55,"column":7}},"16":{"start":{"line":52,"column":8},"end":{"line":52,"column":55}},"17":{"start":{"line":54,"column":8},"end":{"line":54,"column":46}},"18":{"start":{"line":57,"column":6},"end":{"line":57,"column":37}},"19":{"start":{"line":62,"column":4},"end":{"line":67,"column":5}},"20":{"start":{"line":63,"column":24},"end":{"line":63,"column":72}},"21":{"start":{"line":64,"column":6},"end":{"line":64,"column":25}},"22":{"start":{"line":66,"column":6},"end":{"line":66,"column":37}}},"fnMap":{"0":{"name":"(anonymous_0)","decl":{"start":{"line":7,"column":2},"end":{"line":7,"column":3}},"loc":{"start":{"line":7,"column":52},"end":{"line":9,"column":3}},"line":7},"1":{"name":"(anonymous_1)","decl":{"start":{"line":11,"column":2},"end":{"line":11,"column":3}},"loc":{"start":{"line":11,"column":52},"end":{"line":17,"column":3}},"line":11},"2":{"name":"(anonymous_2)","decl":{"start":{"line":19,"column":2},"end":{"line":19,"column":3}},"loc":{"start":{"line":19,"column":58},"end":{"line":29,"column":3}},"line":19},"3":{"name":"(anonymous_3)","decl":{"start":{"line":31,"column":2},"end":{"line":31,"column":3}},"loc":{"start":{"line":31,"column":59},"end":{"line":45,"column":3}},"line":31},"4":{"name":"(anonymous_4)","decl":{"start":{"line":46,"column":2},"end":{"line":46,"column":3}},"loc":{"start":{"line":46,"column":53},"end":{"line":59,"column":3}},"line":46},"5":{"name":"(anonymous_5)","decl":{"start":{"line":61,"column":2},"end":{"line":61,"column":3}},"loc":{"start":{"line":61,"column":36},"end":{"line":68,"column":3}},"line":61}},"branchMap":{"0":{"loc":{"start":{"line":36,"column":6},"end":{"line":40,"column":7}},"type":"if","locations":[{"start":{"line":36,"column":6},"end":{"line":40,"column":7}},{"start":{"line":38,"column":13},"end":{"line":40,"column":7}}],"line":36},"1":{"loc":{"start":{"line":51,"column":6},"end":{"line":55,"column":7}},"type":"if","locations":[{"start":{"line":51,"column":6},"end":{"line":55,"column":7}},{"start":{"line":53,"column":13},"end":{"line":55,"column":7}}],"line":51}},"s":{"0":13,"1":2,"2":2,"3":1,"4":2,"5":2,"6":1,"7":3,"8":3,"9":2,"10":1,"11":1,"12":1,"13":3,"14":3,"15":2,"16":1,"17":1,"18":1,"19":3,"20":3,"21":2,"22":1},"f":{"0":13,"1":2,"2":2,"3":3,"4":3,"5":3},"b":{"0":[1,1],"1":[1,1]},"_coverageSchema":"1a1c01bbd47fc00a2c39e90264f33305004495a9","hash":"045a5f3a01441bf1b346a0fb2aa90aea0d2de222"}
,"C:\\Users\\airton.junior\\Documents\\GitHub\\TechChallenge-Pedido\\src\\core\\domain\\valueObjects\\GerarHash.ts": {"path":"C:\\Users\\airton.junior\\Documents\\GitHub\\TechChallenge-Pedido\\src\\core\\domain\\valueObjects\\GerarHash.ts","statementMap":{"0":{"start":{"line":5,"column":17},"end":{"line":5,"column":55}},"1":{"start":{"line":6,"column":23},"end":{"line":12,"column":5}},"2":{"start":{"line":13,"column":17},"end":{"line":13,"column":43}},"3":{"start":{"line":14,"column":4},"end":{"line":14,"column":29}},"4":{"start":{"line":24,"column":4},"end":{"line":39,"column":7}},"5":{"start":{"line":25,"column":6},"end":{"line":38,"column":8}},"6":{"start":{"line":32,"column":10},"end":{"line":36,"column":11}},"7":{"start":{"line":33,"column":12},"end":{"line":33,"column":24}},"8":{"start":{"line":35,"column":12},"end":{"line":35,"column":32}}},"fnMap":{"0":{"name":"(anonymous_0)","decl":{"start":{"line":4,"column":2},"end":{"line":4,"column":3}},"loc":{"start":{"line":4,"column":53},"end":{"line":15,"column":3}},"line":4},"1":{"name":"(anonymous_1)","decl":{"start":{"line":17,"column":2},"end":{"line":17,"column":3}},"loc":{"start":{"line":23,"column":21},"end":{"line":40,"column":3}},"line":23},"2":{"name":"(anonymous_2)","decl":{"start":{"line":24,"column":31},"end":{"line":24,"column":32}},"loc":{"start":{"line":24,"column":52},"end":{"line":39,"column":5}},"line":24},"3":{"name":"(anonymous_3)","decl":{"start":{"line":31,"column":8},"end":{"line":31,"column":9}},"loc":{"start":{"line":31,"column":29},"end":{"line":37,"column":9}},"line":31}},"branchMap":{"0":{"loc":{"start":{"line":32,"column":10},"end":{"line":36,"column":11}},"type":"if","locations":[{"start":{"line":32,"column":10},"end":{"line":36,"column":11}},{"start":{"line":34,"column":17},"end":{"line":36,"column":11}}],"line":32}},"s":{"0":4,"1":4,"2":4,"3":4,"4":4,"5":4,"6":4,"7":0,"8":4},"f":{"0":4,"1":4,"2":4,"3":4},"b":{"0":[0,4]},"_coverageSchema":"1a1c01bbd47fc00a2c39e90264f33305004495a9","hash":"59b750cf9f00a961a12b71d17582d3e600e041f1"}
,"C:\\Users\\airton.junior\\Documents\\GitHub\\TechChallenge-Pedido\\src\\core\\domain\\valueObjects\\VerificaSenha.ts": {"path":"C:\\Users\\airton.junior\\Documents\\GitHub\\TechChallenge-Pedido\\src\\core\\domain\\valueObjects\\VerificaSenha.ts","statementMap":{"0":{"start":{"line":9,"column":25},"end":{"line":9,"column":45}},"1":{"start":{"line":10,"column":23},"end":{"line":16,"column":5}},"2":{"start":{"line":17,"column":32},"end":{"line":17,"column":58}},"3":{"start":{"line":18,"column":4},"end":{"line":18,"column":40}},"4":{"start":{"line":28,"column":4},"end":{"line":43,"column":7}},"5":{"start":{"line":29,"column":6},"end":{"line":42,"column":8}},"6":{"start":{"line":36,"column":10},"end":{"line":40,"column":11}},"7":{"start":{"line":37,"column":12},"end":{"line":37,"column":24}},"8":{"start":{"line":39,"column":12},"end":{"line":39,"column":32}}},"fnMap":{"0":{"name":"(anonymous_0)","decl":{"start":{"line":8,"column":2},"end":{"line":8,"column":3}},"loc":{"start":{"line":8,"column":74},"end":{"line":19,"column":3}},"line":8},"1":{"name":"(anonymous_1)","decl":{"start":{"line":21,"column":2},"end":{"line":21,"column":3}},"loc":{"start":{"line":27,"column":21},"end":{"line":44,"column":3}},"line":27},"2":{"name":"(anonymous_2)","decl":{"start":{"line":28,"column":31},"end":{"line":28,"column":32}},"loc":{"start":{"line":28,"column":52},"end":{"line":43,"column":5}},"line":28},"3":{"name":"(anonymous_3)","decl":{"start":{"line":35,"column":8},"end":{"line":35,"column":9}},"loc":{"start":{"line":35,"column":29},"end":{"line":41,"column":9}},"line":35}},"branchMap":{"0":{"loc":{"start":{"line":36,"column":10},"end":{"line":40,"column":11}},"type":"if","locations":[{"start":{"line":36,"column":10},"end":{"line":40,"column":11}},{"start":{"line":38,"column":17},"end":{"line":40,"column":11}}],"line":36}},"s":{"0":3,"1":3,"2":2,"3":2,"4":3,"5":3,"6":2,"7":0,"8":2},"f":{"0":3,"1":3,"2":3,"3":2},"b":{"0":[0,2]},"_coverageSchema":"1a1c01bbd47fc00a2c39e90264f33305004495a9","hash":"b8b4ee524a9835ea9dee2061951dcd3db51d2080"}
,"C:\\Users\\airton.junior\\Documents\\GitHub\\TechChallenge-Pedido\\src\\core\\domain\\valueObjects\\cpf.ts": {"path":"C:\\Users\\airton.junior\\Documents\\GitHub\\TechChallenge-Pedido\\src\\core\\domain\\valueObjects\\cpf.ts","statementMap":{"0":{"start":{"line":7,"column":8},"end":{"line":7,"column":43}},"1":{"start":{"line":11,"column":8},"end":{"line":11,"column":34}}},"fnMap":{"0":{"name":"(anonymous_0)","decl":{"start":{"line":6,"column":4},"end":{"line":6,"column":5}},"loc":{"start":{"line":6,"column":31},"end":{"line":8,"column":5}},"line":6},"1":{"name":"(anonymous_1)","decl":{"start":{"line":10,"column":4},"end":{"line":10,"column":5}},"loc":{"start":{"line":10,"column":46},"end":{"line":12,"column":5}},"line":10}},"branchMap":{},"s":{"0":4,"1":4},"f":{"0":4,"1":4},"b":{},"_coverageSchema":"1a1c01bbd47fc00a2c39e90264f33305004495a9","hash":"621b40592788e137515fc55e6242d1e211e6c1b7"}
}
