{"C:\\Users\\airton.junior\\Documents\\GitHub\\TechChallenge-Pedido\\src\\core\\domain\\models\\Usuario.ts": {"path":"C:\\Users\\airton.junior\\Documents\\GitHub\\TechChallenge-Pedido\\src\\core\\domain\\models\\Usuario.ts","statementMap":{"0":{"start":{"line":19,"column":4},"end":{"line":19,"column":21}},"1":{"start":{"line":20,"column":4},"end":{"line":20,"column":23}},"2":{"start":{"line":21,"column":4},"end":{"line":21,"column":19}},"3":{"start":{"line":22,"column":4},"end":{"line":22,"column":21}},"4":{"start":{"line":23,"column":4},"end":{"line":23,"column":23}},"5":{"start":{"line":24,"column":4},"end":{"line":24,"column":23}},"6":{"start":{"line":25,"column":4},"end":{"line":25,"column":17}}},"fnMap":{"0":{"name":"(anonymous_0)","decl":{"start":{"line":10,"column":2},"end":{"line":10,"column":3}},"loc":{"start":{"line":18,"column":4},"end":{"line":26,"column":3}},"line":18}},"branchMap":{},"s":{"0":1,"1":1,"2":1,"3":1,"4":1,"5":1,"6":1},"f":{"0":1},"b":{},"_coverageSchema":"1a1c01bbd47fc00a2c39e90264f33305004495a9","hash":"81c630060824ab9a608b7f2f3e855ee268b9d6fe"}
,"C:\\Users\\airton.junior\\Documents\\GitHub\\TechChallenge-Pedido\\src\\core\\domain\\useCases\\Usuario\\UsuarioUseCase.ts": {"path":"C:\\Users\\airton.junior\\Documents\\GitHub\\TechChallenge-Pedido\\src\\core\\domain\\useCases\\Usuario\\UsuarioUseCase.ts","statementMap":{"0":{"start":{"line":8,"column":4},"end":{"line":8,"column":47}},"1":{"start":{"line":12,"column":4},"end":{"line":16,"column":5}},"2":{"start":{"line":13,"column":6},"end":{"line":13,"column":51}},"3":{"start":{"line":15,"column":6},"end":{"line":15,"column":37}},"4":{"start":{"line":20,"column":4},"end":{"line":27,"column":5}},"5":{"start":{"line":21,"column":6},"end":{"line":21,"column":51}},"6":{"start":{"line":23,"column":22},"end":{"line":23,"column":47}},"7":{"start":{"line":24,"column":6},"end":{"line":26,"column":7}},"8":{"start":{"line":25,"column":8},"end":{"line":25,"column":41}},"9":{"start":{"line":31,"column":4},"end":{"line":42,"column":5}},"10":{"start":{"line":32,"column":28},"end":{"line":34,"column":7}},"11":{"start":{"line":35,"column":6},"end":{"line":39,"column":7}},"12":{"start":{"line":36,"column":8},"end":{"line":36,"column":55}},"13":{"start":{"line":38,"column":8},"end":{"line":38,"column":46}},"14":{"start":{"line":41,"column":6},"end":{"line":41,"column":25}},"15":{"start":{"line":45,"column":4},"end":{"line":56,"column":5}},"16":{"start":{"line":46,"column":28},"end":{"line":48,"column":7}},"17":{"start":{"line":49,"column":6},"end":{"line":53,"column":7}},"18":{"start":{"line":50,"column":8},"end":{"line":50,"column":55}},"19":{"start":{"line":52,"column":8},"end":{"line":52,"column":46}},"20":{"start":{"line":55,"column":6},"end":{"line":55,"column":25}},"21":{"start":{"line":60,"column":4},"end":{"line":65,"column":5}},"22":{"start":{"line":61,"column":24},"end":{"line":61,"column":72}},"23":{"start":{"line":62,"column":6},"end":{"line":62,"column":25}},"24":{"start":{"line":64,"column":6},"end":{"line":64,"column":25}}},"fnMap":{"0":{"name":"(anonymous_0)","decl":{"start":{"line":7,"column":2},"end":{"line":7,"column":3}},"loc":{"start":{"line":7,"column":52},"end":{"line":9,"column":3}},"line":7},"1":{"name":"(anonymous_1)","decl":{"start":{"line":11,"column":2},"end":{"line":11,"column":3}},"loc":{"start":{"line":11,"column":52},"end":{"line":17,"column":3}},"line":11},"2":{"name":"(anonymous_2)","decl":{"start":{"line":19,"column":2},"end":{"line":19,"column":3}},"loc":{"start":{"line":19,"column":58},"end":{"line":28,"column":3}},"line":19},"3":{"name":"(anonymous_3)","decl":{"start":{"line":30,"column":2},"end":{"line":30,"column":3}},"loc":{"start":{"line":30,"column":59},"end":{"line":43,"column":3}},"line":30},"4":{"name":"(anonymous_4)","decl":{"start":{"line":44,"column":2},"end":{"line":44,"column":3}},"loc":{"start":{"line":44,"column":53},"end":{"line":57,"column":3}},"line":44},"5":{"name":"(anonymous_5)","decl":{"start":{"line":59,"column":2},"end":{"line":59,"column":3}},"loc":{"start":{"line":59,"column":36},"end":{"line":66,"column":3}},"line":59}},"branchMap":{"0":{"loc":{"start":{"line":24,"column":6},"end":{"line":26,"column":7}},"type":"if","locations":[{"start":{"line":24,"column":6},"end":{"line":26,"column":7}},{"start":{},"end":{}}],"line":24},"1":{"loc":{"start":{"line":35,"column":6},"end":{"line":39,"column":7}},"type":"if","locations":[{"start":{"line":35,"column":6},"end":{"line":39,"column":7}},{"start":{"line":37,"column":13},"end":{"line":39,"column":7}}],"line":35},"2":{"loc":{"start":{"line":49,"column":6},"end":{"line":53,"column":7}},"type":"if","locations":[{"start":{"line":49,"column":6},"end":{"line":53,"column":7}},{"start":{"line":51,"column":13},"end":{"line":53,"column":7}}],"line":49}},"s":{"0":1,"1":1,"2":1,"3":0,"4":0,"5":0,"6":0,"7":0,"8":0,"9":0,"10":0,"11":0,"12":0,"13":0,"14":0,"15":0,"16":0,"17":0,"18":0,"19":0,"20":0,"21":0,"22":0,"23":0,"24":0},"f":{"0":1,"1":1,"2":0,"3":0,"4":0,"5":0},"b":{"0":[0,0],"1":[0,0],"2":[0,0]},"_coverageSchema":"1a1c01bbd47fc00a2c39e90264f33305004495a9","hash":"7361934a3286021139cd8d275da61506bcf3e1b2"}
}
