TN:
SF:src\adapter\driven\infra\PedidoRepository.ts
FN:5,(anonymous_0)
FN:15,(anonymous_1)
FNF:2
FNH:2
FNDA:3,(anonymous_0)
FNDA:2,(anonymous_1)
DA:6,3
DA:7,3
DA:10,3
DA:12,1
DA:16,2
DA:17,2
DA:19,2
DA:23,1
DA:24,1
DA:25,1
DA:26,1
DA:27,1
DA:29,1
DA:33,1
DA:34,1
DA:36,1
DA:41,1
DA:44,1
LF:18
LH:18
BRDA:8,0,0,3
BRDA:8,0,1,0
BRDA:23,1,0,1
BRDA:23,1,1,0
BRDA:26,2,0,1
BRDA:26,2,1,0
BRF:6
BRH:3
end_of_record
TN:
SF:src\adapter\driven\infra\ProdutoRepository.ts
FN:6,(anonymous_0)
FN:13,(anonymous_1)
FN:21,(anonymous_2)
FN:34,(anonymous_3)
FN:53,(anonymous_4)
FN:63,(anonymous_5)
FNF:6
FNH:6
FNDA:2,(anonymous_0)
FNDA:2,(anonymous_1)
FNDA:3,(anonymous_2)
FNDA:3,(anonymous_3)
FNDA:2,(anonymous_4)
FNDA:3,(anonymous_5)
DA:7,2
DA:8,2
DA:9,1
DA:10,1
DA:14,2
DA:15,2
DA:16,1
DA:18,1
DA:22,3
DA:23,3
DA:25,2
DA:26,1
DA:29,1
DA:31,1
DA:35,3
DA:36,3
DA:39,3
DA:41,2
DA:42,1
DA:43,1
DA:45,1
DA:48,1
DA:49,1
DA:54,2
DA:57,2
DA:58,1
DA:60,1
DA:64,3
DA:66,3
DA:67,2
DA:68,1
DA:70,1
DA:71,1
LF:33
LH:33
BRDA:25,0,0,1
BRDA:25,0,1,1
BRDA:41,1,0,1
BRDA:41,1,1,1
BRDA:67,2,0,1
BRDA:67,2,1,1
BRF:6
BRH:6
end_of_record
TN:
SF:src\adapter\driven\infra\UsuarioRepository.ts
FN:9,(anonymous_0)
FN:37,(anonymous_1)
FN:60,(anonymous_2)
FN:75,(anonymous_3)
FN:116,(anonymous_4)
FN:144,(anonymous_5)
FNF:6
FNH:6
FNDA:3,(anonymous_0)
FNDA:3,(anonymous_1)
FNDA:2,(anonymous_2)
FNDA:2,(anonymous_3)
FNDA:3,(anonymous_4)
FNDA:3,(anonymous_5)
DA:6,1
DA:10,3
DA:11,3
DA:14,3
DA:18,2
DA:19,1
DA:20,1
DA:30,1
DA:33,1
DA:38,3
DA:39,3
DA:45,2
DA:46,1
DA:47,1
DA:54,1
DA:56,1
DA:61,2
DA:62,2
DA:68,2
DA:69,1
DA:71,1
DA:76,2
DA:77,2
DA:78,2
DA:81,2
DA:82,1
DA:83,1
DA:84,1
DA:85,1
DA:86,1
DA:103,1
DA:104,1
DA:105,1
DA:108,0
DA:112,0
DA:117,3
DA:118,3
DA:119,3
DA:120,2
DA:121,1
DA:122,1
DA:135,1
DA:136,1
DA:137,1
DA:140,1
DA:145,3
DA:146,3
DA:155,3
DA:156,3
DA:157,2
DA:158,2
DA:160,1
LF:52
LH:50
BRDA:18,0,0,1
BRDA:18,0,1,1
BRDA:45,1,0,1
BRDA:45,1,1,1
BRDA:68,2,0,1
BRDA:68,2,1,1
BRDA:81,3,0,1
BRDA:81,3,1,1
BRDA:83,4,0,1
BRDA:83,4,1,0
BRDA:83,5,0,1
BRDA:83,5,1,1
BRDA:85,6,0,1
BRDA:85,6,1,0
BRDA:120,7,0,1
BRDA:120,7,1,1
BRDA:151,8,0,2
BRDA:151,8,1,1
BRDA:156,9,0,2
BRDA:156,9,1,1
BRF:20
BRH:18
end_of_record
TN:
SF:src\adapter\middleware\autenticacao.middleware.ts
FN:4,autenticacaoMiddleware
FN:5,(anonymous_1)
FNF:2
FNH:2
FNDA:3,autenticacaoMiddleware
FNDA:3,(anonymous_1)
DA:5,3
DA:6,3
DA:8,3
DA:9,1
DA:14,2
DA:16,2
DA:17,1
DA:19,1
LF:8
LH:8
BRDA:8,0,0,1
BRDA:8,0,1,2
BRDA:16,1,0,1
BRDA:16,1,1,1
BRF:4
BRH:4
end_of_record
TN:
SF:src\config\database.ts
FN:12,(anonymous_0)
FNF:1
FNH:1
FNDA:2,(anonymous_0)
DA:4,5
DA:12,5
DA:13,2
DA:14,2
DA:15,1
DA:17,1
LF:6
LH:6
BRF:0
BRH:0
end_of_record
TN:
SF:src\core\domain\models\Pedido.ts
FN:11,(anonymous_0)
FNF:1
FNH:1
FNDA:7,(anonymous_0)
DA:18,7
DA:19,7
DA:20,7
DA:21,7
DA:22,7
DA:23,7
LF:6
LH:6
BRF:0
BRH:0
end_of_record
TN:
SF:src\core\domain\models\Produto.ts
FN:11,(anonymous_0)
FNF:1
FNH:1
FNDA:11,(anonymous_0)
DA:21,11
DA:22,11
DA:23,11
DA:24,11
DA:25,11
DA:26,11
DA:27,11
DA:28,11
LF:8
LH:8
BRF:0
BRH:0
end_of_record
TN:
SF:src\core\domain\models\Usuario.ts
FN:10,(anonymous_0)
FNF:1
FNH:1
FNDA:25,(anonymous_0)
DA:19,25
DA:20,25
DA:21,25
DA:22,25
DA:23,25
DA:24,25
DA:25,25
LF:7
LH:7
BRF:0
BRH:0
end_of_record
TN:
SF:src\core\domain\useCases\Pedido\PedidoUseCase.ts
FN:6,(anonymous_0)
FN:11,(anonymous_1)
FN:20,(anonymous_2)
FN:31,(anonymous_3)
FNF:4
FNH:4
FNDA:3,(anonymous_0)
FNDA:3,(anonymous_1)
FNDA:3,(anonymous_2)
FNDA:3,(anonymous_3)
DA:12,3
DA:13,3
DA:14,3
DA:15,3
DA:17,3
DA:21,3
DA:22,3
DA:23,3
DA:24,3
DA:25,3
DA:28,3
DA:32,3
DA:33,3
DA:34,3
DA:35,3
DA:36,3
DA:39,3
LF:17
LH:17
BRDA:23,0,0,3
BRDA:23,0,1,0
BRDA:25,1,0,3
BRDA:25,1,1,1
BRDA:34,2,0,3
BRDA:34,2,1,0
BRDA:36,3,0,3
BRDA:36,3,1,3
BRF:8
BRH:6
end_of_record
TN:
SF:src\core\domain\useCases\Produto\ProdutoUseCase.ts
FN:3,(anonymous_0)
FN:4,(anonymous_1)
FN:16,(anonymous_2)
FN:29,(anonymous_3)
FN:42,(anonymous_4)
FN:57,(anonymous_5)
FN:66,(anonymous_6)
FNF:7
FNH:7
FNDA:14,(anonymous_0)
FNDA:2,(anonymous_1)
FNDA:2,(anonymous_2)
FNDA:3,(anonymous_3)
FNDA:3,(anonymous_4)
FNDA:2,(anonymous_5)
FNDA:2,(anonymous_6)
DA:5,2
DA:6,2
DA:7,1
DA:9,1
DA:10,1
DA:11,1
DA:17,2
DA:18,2
DA:19,1
DA:20,0
DA:22,1
DA:25,1
DA:30,3
DA:31,3
DA:32,2
DA:33,1
DA:35,1
DA:38,1
DA:43,3
DA:44,3
DA:47,2
DA:48,1
DA:50,1
DA:53,2
DA:58,2
DA:59,2
DA:60,1
DA:62,1
DA:67,2
DA:68,2
DA:69,1
DA:71,1
LF:32
LH:31
BRDA:10,0,0,1
BRDA:10,0,1,0
BRDA:19,1,0,0
BRDA:19,1,1,1
BRDA:19,2,0,1
BRDA:19,2,1,1
BRDA:32,3,0,1
BRDA:32,3,1,1
BRDA:32,4,0,2
BRDA:32,4,1,1
BRDA:47,5,0,1
BRDA:47,5,1,1
BRDA:47,6,0,2
BRDA:47,6,1,1
BRF:14
BRH:12
end_of_record
TN:
SF:src\core\domain\useCases\Usuario\UsuarioUseCase.ts
FN:7,(anonymous_0)
FN:11,(anonymous_1)
FN:19,(anonymous_2)
FN:31,(anonymous_3)
FN:46,(anonymous_4)
FN:61,(anonymous_5)
FNF:6
FNH:6
FNDA:13,(anonymous_0)
FNDA:2,(anonymous_1)
FNDA:2,(anonymous_2)
FNDA:3,(anonymous_3)
FNDA:3,(anonymous_4)
FNDA:3,(anonymous_5)
DA:8,13
DA:12,2
DA:13,2
DA:15,1
DA:20,2
DA:21,2
DA:23,1
DA:32,3
DA:33,3
DA:36,2
DA:37,1
DA:39,1
DA:43,1
DA:47,3
DA:48,3
DA:51,2
DA:52,1
DA:54,1
DA:57,1
DA:62,3
DA:63,3
DA:64,2
DA:66,1
LF:23
LH:23
BRDA:36,0,0,1
BRDA:36,0,1,1
BRDA:51,1,0,1
BRDA:51,1,1,1
BRF:4
BRH:4
end_of_record
TN:
SF:src\core\domain\valueObjects\GerarHash.ts
FN:4,(anonymous_0)
FN:17,(anonymous_1)
FN:24,(anonymous_2)
FN:31,(anonymous_3)
FNF:4
FNH:4
FNDA:4,(anonymous_0)
FNDA:4,(anonymous_1)
FNDA:4,(anonymous_2)
FNDA:4,(anonymous_3)
DA:5,4
DA:6,4
DA:13,4
DA:14,4
DA:24,4
DA:25,4
DA:32,4
DA:33,0
DA:35,4
LF:9
LH:8
BRDA:32,0,0,0
BRDA:32,0,1,4
BRF:2
BRH:1
end_of_record
TN:
SF:src\core\domain\valueObjects\VerificaSenha.ts
FN:8,(anonymous_0)
FN:21,(anonymous_1)
FN:28,(anonymous_2)
FN:35,(anonymous_3)
FNF:4
FNH:4
FNDA:3,(anonymous_0)
FNDA:3,(anonymous_1)
FNDA:3,(anonymous_2)
FNDA:2,(anonymous_3)
DA:9,3
DA:10,3
DA:17,2
DA:18,2
DA:28,3
DA:29,3
DA:36,2
DA:37,0
DA:39,2
LF:9
LH:8
BRDA:36,0,0,0
BRDA:36,0,1,2
BRF:2
BRH:1
end_of_record
TN:
SF:src\core\domain\valueObjects\cpf.ts
FN:6,(anonymous_0)
FN:10,(anonymous_1)
FNF:2
FNH:2
FNDA:4,(anonymous_0)
FNDA:4,(anonymous_1)
DA:7,4
DA:11,4
LF:2
LH:2
BRF:0
BRH:0
end_of_record
